<?xml version="1.0" encoding="UTF-8"?>
<!-- Generated by org.testng.reporters.JUnitReportReporter -->
<testsuite hostname="DESKTOP-99EVK7L" failures="0" tests="1" name="test.LoginTest" time="8.112" errors="0" timestamp="2023-08-16T01:19:31 CDT" skipped="0">
  <testcase classname="test.LoginTest" name="validUserShouldBeAbleToLogin" time="8.112"/>
</testsuite> <!-- test.LoginTest -->
