<?xml version="1.0" encoding="UTF-8"?>
<!-- Generated by org.testng.reporters.JUnitReportReporter -->
<testsuite hostname="DESKTOP-99EVK7L" failures="0" tests="1" name="util.BrowserFactory" time="4.093" errors="0" timestamp="2023-08-15T15:45:05 CDT" skipped="0">
  <testcase classname="util.BrowserFactory" name="init" time="4.093"/>
</testsuite> <!-- util.BrowserFactory -->
